<?xml version="1.0" encoding="UTF-8"?>
<!-- Generated by org.testng.reporters.JUnitXMLReporter -->
<testsuite hostname="LAPTOP-PT93KTGA" ignored="0" name="Test" tests="4" failures="1" timestamp="21 Jan 2021 09:17:20 GMT" time="215.852" errors="0">
  <testcase name="tc1" time="157.042" classname="org.retry.Question101">
    <skipped/>
  </testcase> <!-- tc1 -->
  <testcase name="tc1" time="5.883" classname="org.retry.Question101">
    <skipped/>
  </testcase> <!-- tc1 -->
  <testcase name="tc1" time="1.684" classname="org.retry.Question101">
    <skipped/>
  </testcase> <!-- tc1 -->
  <testcase name="tc1" time="47.077" classname="org.retry.Question101">
    <failure type="java.lang.AssertionError" message="Assert Failed Please Check The Code expected [true] but found [false]">
      <![CDATA[java.lang.AssertionError: Assert Failed Please Check The Code expected [true] but found [false]
at org.retry.Question101.tc1(Question101.java:25)
... Removed 28 stack frames]]>
    </failure>
  </testcase> <!-- tc1 -->
</testsuite> <!-- Test -->
